<?xml version="1.0" encoding="utf-8"?><testsuites name="pytest tests"><testsuite name="pytest" errors="0" failures="0" skipped="0" tests="16" time="9.049" timestamp="2026-03-24T12:32:11.151662+00:00" hostname="agent-env-e15cf32d-d5c7-4f80-891d-e430c6900f7d"><testcase classname="backend.tests.test_iteration3.TestHealth" name="test_health_returns_healthy_and_connected" time="0.174" /><testcase classname="backend.tests.test_iteration3.TestAuthMe" name="test_auth_me_with_superadmin_token" time="0.774" /><testcase classname="backend.tests.test_iteration3.TestAuthMe" name="test_auth_me_without_token_returns_401_or_403" time="0.519" /><testcase classname="backend.tests.test_iteration3.TestSiteSettingsAnalytics" name="test_get_analytics_public_endpoint" time="0.233" /><testcase classname="backend.tests.test_iteration3.TestSiteSettingsAnalytics" name="test_post_analytics_saves_and_persists" time="0.237" /><testcase classname="backend.tests.test_iteration3.TestSiteSettingsAnalytics" name="test_post_analytics_requires_auth" time="0.101" /><testcase classname="backend.tests.test_iteration3.TestAdminCategoryCRUD" name="test_create_category" time="0.245" /><testcase classname="backend.tests.test_iteration3.TestAdminCategoryCRUD" name="test_update_category" time="0.375" /><testcase classname="backend.tests.test_iteration3.TestAdminBlogCRUD" name="test_create_blog_returns_id" time="0.341" /><testcase classname="backend.tests.test_iteration3.TestAdminBlogCRUD" name="test_create_blog_and_verify_persistence" time="0.415" /><testcase classname="backend.tests.test_iteration3.TestAdminBlogCRUD" name="test_update_blog_and_verify_persistence" time="0.461" /><testcase classname="backend.tests.test_iteration3.TestAdminToolCRUD" name="test_create_tool_returns_id" time="1.129" /><testcase classname="backend.tests.test_iteration3.TestAdminToolCRUD" name="test_create_tool_and_verify_persistence" time="1.247" /><testcase classname="backend.tests.test_iteration3.TestAdminToolCRUD" name="test_update_tool_and_verify_persistence" time="1.559" /><testcase classname="backend.tests.test_iteration3.TestUserBlogCRUD" name="test_user_create_blog_with_tags_array" time="0.707" /><testcase classname="backend.tests.test_iteration3.TestUserBlogCRUD" name="test_user_update_blog" time="0.364" /></testsuite></testsuites>