<?xml version="1.0" encoding="utf-8"?><testsuites name="pytest tests"><testsuite name="pytest" errors="0" failures="0" skipped="0" tests="35" time="9.701" timestamp="2026-03-24T11:16:31.343872+00:00" hostname="agent-env-e15cf32d-d5c7-4f80-891d-e430c6900f7d"><testcase classname="backend.tests.test_marketmind_features.TestAuth" name="test_superadmin_login_success" time="0.435" /><testcase classname="backend.tests.test_marketmind_features.TestAuth" name="test_invalid_credentials_returns_401" time="0.047" /><testcase classname="backend.tests.test_marketmind_features.TestAuth" name="test_get_current_user_info" time="0.425" /><testcase classname="backend.tests.test_marketmind_features.TestBlogCreation" name="test_create_blog_with_tags_as_array" time="0.053" /><testcase classname="backend.tests.test_marketmind_features.TestBlogCreation" name="test_create_blog_draft_status" time="0.053" /><testcase classname="backend.tests.test_marketmind_features.TestBlogCreation" name="test_create_blog_missing_title_fails" time="0.048" /><testcase classname="backend.tests.test_marketmind_features.TestBlogCreation" name="test_create_blog_tags_as_string_fails" time="0.052" /><testcase classname="backend.tests.test_marketmind_features.TestBlogPublish" name="test_publish_blog_returns_seo_content" time="0.057" /><testcase classname="backend.tests.test_marketmind_features.TestBlogPublish" name="test_published_blog_status_is_published" time="0.052" /><testcase classname="backend.tests.test_marketmind_features.TestBlogLikeBookmark" name="test_blog_like_toggle_returns_liked_and_count" time="0.056" /><testcase classname="backend.tests.test_marketmind_features.TestBlogLikeBookmark" name="test_blog_like_toggle_updates_count" time="0.109" /><testcase classname="backend.tests.test_marketmind_features.TestBlogLikeBookmark" name="test_blog_bookmark_toggle_returns_bookmarked_status" time="0.064" /><testcase classname="backend.tests.test_marketmind_features.TestBlogLikeBookmark" name="test_blog_bookmark_toggle_reverses" time="0.106" /><testcase classname="backend.tests.test_marketmind_features.TestBlogStatusEndpoints" name="test_like_status_returns_liked_bool" time="0.052" /><testcase classname="backend.tests.test_marketmind_features.TestBlogStatusEndpoints" name="test_bookmark_status_returns_bookmarked_bool" time="0.072" /><testcase classname="backend.tests.test_marketmind_features.TestBlogStatusEndpoints" name="test_like_status_without_auth_fails" time="0.047" /><testcase classname="backend.tests.test_marketmind_features.TestBlogStatusEndpoints" name="test_bookmark_status_without_auth_fails" time="0.044" /><testcase classname="backend.tests.test_marketmind_features.TestUserBookmarks" name="test_get_user_bookmarks_returns_array" time="0.049" /><testcase classname="backend.tests.test_marketmind_features.TestUserBookmarks" name="test_bookmarked_blog_appears_in_bookmarks" time="0.168" /><testcase classname="backend.tests.test_marketmind_features.TestUserBookmarks" name="test_user_bookmarks_requires_auth" time="0.052" /><testcase classname="backend.tests.test_marketmind_features.TestToolLike" name="test_tool_like_toggle_returns_liked_and_count" time="0.059" /><testcase classname="backend.tests.test_marketmind_features.TestToolLike" name="test_tool_like_toggle_count_changes" time="0.112" /><testcase classname="backend.tests.test_marketmind_features.TestToolLike" name="test_tool_like_requires_auth" time="0.043" /><testcase classname="backend.tests.test_marketmind_features.TestToolReview" name="test_create_tool_review" time="0.061" /><testcase classname="backend.tests.test_marketmind_features.TestAIRecommendations" name="test_ai_recommend_tools_returns_recommendations" time="1.263" /><testcase classname="backend.tests.test_marketmind_features.TestAIRecommendations" name="test_ai_recommend_tools_response_structure" time="5.577" /><testcase classname="backend.tests.test_marketmind_features.TestAIRecommendations" name="test_ai_recommend_tools_requires_auth" time="0.045" /><testcase classname="backend.tests.test_marketmind_features.TestAIRecommendations" name="test_ai_recommend_tools_requires_user_needs" time="0.046" /><testcase classname="backend.tests.test_marketmind_features.TestToolsApi" name="test_get_tools_returns_list" time="0.060" /><testcase classname="backend.tests.test_marketmind_features.TestToolsApi" name="test_get_tool_by_slug" time="0.061" /><testcase classname="backend.tests.test_marketmind_features.TestBlogsApi" name="test_get_published_blogs" time="0.062" /><testcase classname="backend.tests.test_marketmind_features.TestBlogsApi" name="test_get_blog_by_slug" time="0.051" /><testcase classname="backend.tests.test_marketmind_features.TestBlogsApi" name="test_get_user_blogs_requires_auth" time="0.045" /><testcase classname="backend.tests.test_marketmind_features.TestCleanup" name="test_cleanup_test_blog" time="0.053" /><testcase classname="backend.tests.test_marketmind_features.TestCleanup" name="test_cleanup_test_review" time="0.054" /></testsuite></testsuites>